Ckpt save path : data/ckpt/161104_2IDR2.ckpt
Reading tar file from data/tar/161020.tgz...
label loaded
[2016-11-04 10:30:42] Training 210000, mini-batch 200 * 1050
[2016-11-04 10:31:04] 0.19 3.54e+00 0.375 3.05e+00 0.369
[2016-11-04 10:31:24] 0.38 2.35e+00 0.615 1.72e+00 0.581
[2016-11-04 10:31:45] 0.57 1.88e+00 0.705 1.08e+00 0.726
[2016-11-04 10:32:05] 0.76 1.43e+00 0.730 8.60e-01 0.765
[2016-11-04 10:32:26] 0.95 9.27e-01 0.890 5.02e-01 0.867
[2016-11-04 10:32:47] 1.14 7.05e-01 0.920 4.18e-01 0.892
[2016-11-04 10:33:07] 1.33 5.73e-01 0.945 3.41e-01 0.910
[2016-11-04 10:33:27] 1.52 7.65e-01 0.920 2.82e-01 0.921
[2016-11-04 10:33:47] 1.71 5.23e-01 0.950 2.33e-01 0.939
[2016-11-04 10:34:08] 1.90 5.15e-01 0.965 1.93e-01 0.947
[2016-11-04 10:34:29] 2.10 2.76e-01 0.965 1.68e-01 0.953
[2016-11-04 10:34:49] 2.29 4.50e-01 0.950 1.50e-01 0.959
[2016-11-04 10:35:09] 2.48 3.97e-01 0.980 1.36e-01 0.963
[2016-11-04 10:35:30] 2.67 2.54e-01 0.995 1.26e-01 0.965
[2016-11-04 10:35:50] 2.86 2.55e-01 0.965 1.19e-01 0.966
[2016-11-04 10:36:11] 3.05 1.37e-01 0.995 1.02e-01 0.971
[2016-11-04 10:36:31] 3.24 2.09e-01 0.995 8.79e-02 0.975
[2016-11-04 10:36:51] 3.43 2.20e-01 0.980 8.63e-02 0.976
[2016-11-04 10:37:12] 3.62 2.10e-01 1.000 7.48e-02 0.980
[2016-11-04 10:37:32] 3.81 1.96e-01 0.995 6.70e-02 0.981
[2016-11-04 10:37:53] 4.00 2.42e-01 0.985 6.22e-02 0.983
[2016-11-04 10:38:13] 4.19 1.55e-01 0.995 6.35e-02 0.982
[2016-11-04 10:38:33] 4.38 2.17e-01 0.980 6.06e-02 0.983
[2016-11-04 10:38:53] 4.57 1.25e-01 1.000 5.49e-02 0.986
[2016-11-04 10:39:14] 4.76 1.63e-01 0.995 5.24e-02 0.985
[2016-11-04 10:39:34] 4.95 1.39e-01 0.990 5.03e-02 0.985
[2016-11-04 10:39:55] 5.14 9.58e-02 1.000 4.54e-02 0.988
[2016-11-04 10:40:15] 5.33 1.04e-01 1.000 4.49e-02 0.987
[2016-11-04 10:40:36] 5.52 2.41e-01 0.990 4.39e-02 0.989
[2016-11-04 10:40:56] 5.71 1.58e-01 0.990 4.26e-02 0.988
[2016-11-04 10:41:16] 5.90 8.26e-02 0.995 3.71e-02 0.990
[2016-11-04 10:41:37] 6.10 5.46e-02 1.000 3.67e-02 0.990
[2016-11-04 10:41:57] 6.29 6.98e-02 0.995 3.43e-02 0.991
[2016-11-04 10:42:18] 6.48 9.46e-02 1.000 3.18e-02 0.991
[2016-11-04 10:42:38] 6.67 4.56e-02 1.000 3.20e-02 0.991
[2016-11-04 10:42:58] 6.86 1.16e-01 0.990 3.25e-02 0.991
[2016-11-04 10:43:19] 7.05 7.09e-02 1.000 3.08e-02 0.991
[2016-11-04 10:43:40] 7.24 8.52e-02 1.000 3.14e-02 0.991
[2016-11-04 10:44:00] 7.43 1.23e-01 0.990 3.02e-02 0.992
[2016-11-04 10:44:20] 7.62 6.65e-02 1.000 2.87e-02 0.992
[2016-11-04 10:44:41] 7.81 6.75e-02 0.995 2.91e-02 0.992
[2016-11-04 10:45:01] 8.00 5.74e-02 0.990 2.69e-02 0.993
[2016-11-04 10:45:21] 8.19 7.08e-02 1.000 2.73e-02 0.992
[2016-11-04 10:45:41] 8.38 1.14e-01 0.990 2.71e-02 0.993
[2016-11-04 10:46:02] 8.57 6.87e-02 0.995 2.55e-02 0.993
[2016-11-04 10:46:22] 8.76 7.22e-02 1.000 2.48e-02 0.993
[2016-11-04 10:46:43] 8.95 6.70e-02 1.000 2.46e-02 0.993
[2016-11-04 10:47:04] 9.14 3.06e-02 1.000 2.37e-02 0.993
[2016-11-04 10:47:24] 9.33 6.25e-02 1.000 2.29e-02 0.994
[2016-11-04 10:47:44] 9.52 8.38e-02 1.000 2.36e-02 0.993
[2016-11-04 10:48:04] 9.71 7.27e-02 0.995 2.42e-02 0.993
[2016-11-04 10:48:25] 9.90 1.70e-02 0.995 2.19e-02 0.994
[2016-11-04 10:48:46] 10.10 3.17e-02 1.000 2.16e-02 0.994
[2016-11-04 10:49:06] 10.29 2.21e-02 1.000 2.13e-02 0.994
[2016-11-04 10:49:26] 10.48 8.09e-02 1.000 2.27e-02 0.993
[2016-11-04 10:49:46] 10.67 3.45e-02 1.000 2.06e-02 0.994
[2016-11-04 10:50:07] 10.86 7.80e-02 0.990 2.09e-02 0.994
[2016-11-04 10:50:28] 11.05 2.39e-02 1.000 2.07e-02 0.994
[2016-11-04 10:50:48] 11.24 3.79e-02 1.000 2.07e-02 0.994
[2016-11-04 10:51:08] 11.43 5.53e-02 1.000 2.00e-02 0.994
[2016-11-04 10:51:28] 11.62 2.67e-02 1.000 1.96e-02 0.995
[2016-11-04 10:51:49] 11.81 7.30e-02 0.995 1.98e-02 0.994
[2016-11-04 10:52:09] 12.00 3.25e-02 0.995 1.98e-02 0.994
[2016-11-04 10:52:29] 12.19 6.23e-02 1.000 1.97e-02 0.994
[2016-11-04 10:52:50] 12.38 8.46e-02 0.990 1.95e-02 0.994
[2016-11-04 10:53:10] 12.57 3.89e-02 0.995 1.96e-02 0.995
[2016-11-04 10:53:30] 12.76 1.44e-02 1.000 1.96e-02 0.994
[2016-11-04 10:53:51] 12.95 1.80e-02 1.000 1.90e-02 0.994
[2016-11-04 10:54:12] 13.14 4.00e-02 1.000 1.93e-02 0.995
[2016-11-04 10:54:32] 13.33 4.39e-02 1.000 1.93e-02 0.995
[2016-11-04 10:54:52] 13.52 4.25e-02 1.000 1.94e-02 0.994
[2016-11-04 10:55:13] 13.71 4.56e-02 0.995 1.89e-02 0.994
[2016-11-04 10:55:33] 13.90 3.02e-02 0.995 1.89e-02 0.995
[2016-11-04 10:55:54] 14.10 4.66e-02 1.000 1.87e-02 0.995
[2016-11-04 10:56:14] 14.29 4.35e-02 0.995 1.88e-02 0.995
[2016-11-04 10:56:34] 14.48 7.30e-02 1.000 1.89e-02 0.995
[2016-11-04 10:56:55] 14.67 3.46e-02 1.000 1.86e-02 0.995
[2016-11-04 10:57:15] 14.86 5.20e-02 0.995 1.84e-02 0.995
[2016-11-04 10:57:36] 15.05 1.36e-02 1.000 1.84e-02 0.995
[2016-11-04 10:57:56] 15.24 3.48e-02 1.000 1.86e-02 0.995
[2016-11-04 10:58:16] 15.43 4.28e-02 1.000 1.87e-02 0.995
[2016-11-04 10:58:37] 15.62 5.16e-02 1.000 1.87e-02 0.995
[2016-11-04 10:58:57] 15.81 4.67e-02 0.995 1.82e-02 0.995
[2016-11-04 10:59:18] 16.00 3.13e-02 0.995 1.80e-02 0.995
[2016-11-04 10:59:38] 16.19 4.42e-02 1.000 1.84e-02 0.995
[2016-11-04 10:59:58] 16.38 6.34e-02 0.990 1.81e-02 0.995
[2016-11-04 11:00:18] 16.57 3.20e-02 1.000 1.82e-02 0.995
[2016-11-04 11:00:39] 16.76 2.65e-02 1.000 1.82e-02 0.995
[2016-11-04 11:00:59] 16.95 3.09e-02 1.000 1.83e-02 0.995
[2016-11-04 11:01:20] 17.14 4.26e-02 1.000 1.81e-02 0.995
[2016-11-04 11:01:40] 17.33 1.82e-02 1.000 1.79e-02 0.995
[2016-11-04 11:02:01] 17.52 4.64e-02 1.000 1.80e-02 0.995
[2016-11-04 11:02:21] 17.71 7.98e-02 0.995 1.80e-02 0.995
[2016-11-04 11:02:42] 17.90 4.09e-02 1.000 1.82e-02 0.995
[2016-11-04 11:03:03] 18.10 1.18e-02 1.000 1.81e-02 0.995
[2016-11-04 11:03:23] 18.29 5.01e-02 1.000 1.80e-02 0.995
[2016-11-04 11:03:43] 18.48 5.16e-02 1.000 1.80e-02 0.995
[2016-11-04 11:04:03] 18.67 4.26e-02 1.000 1.82e-02 0.995
[2016-11-04 11:04:24] 18.86 3.39e-02 0.995 1.80e-02 0.995
[2016-11-04 11:04:45] 19.05 4.26e-02 1.000 1.79e-02 0.995
[2016-11-04 11:05:05] 19.24 4.12e-02 1.000 1.80e-02 0.995
[2016-11-04 11:05:25] 19.43 3.23e-02 1.000 1.79e-02 0.995
[2016-11-04 11:05:45] 19.62 1.77e-02 1.000 1.79e-02 0.995
[2016-11-04 11:06:06] 19.81 4.99e-02 0.995 1.79e-02 0.995
[2016-11-04 11:06:26] 20.00 6.09e-02 0.995 1.79e-02 0.995
                                        [2016-11-04 11:06:26] train complete
test accuracy ---
overall accuracy = 0.994
two of three = 1.000
cho = 0.999
jung = 0.998
jong = 0.999
en = 0.999
train accuracy ---
overall accuracy = 0.999
two of three = 1.000
cho = 1.000
jung = 1.000
jong = 1.000
en = 0.999
ckpt saved to data/ckpt/161104_2IDR2.ckpt
