Ckpt save path : data/ckpt/161103_2IDR.ckpt
Reading tar file from data/tar/161020.tgz...
label loaded
[2016-11-04 01:10:52] Training 210000, mini-batch 200 * 1050
[2016-11-04 01:11:12] 0.19 3.44e+00 0.395 3.04e+00 0.373
[2016-11-04 01:11:31] 0.38 2.38e+00 0.600 1.83e+00 0.567
[2016-11-04 01:11:50] 0.57 1.95e+00 0.675 1.35e+00 0.671
[2016-11-04 01:12:10] 0.76 1.43e+00 0.785 9.50e-01 0.757
[2016-11-04 01:12:30] 0.95 1.24e+00 0.855 7.25e-01 0.818
[2016-11-04 01:12:50] 1.14 1.10e+00 0.825 6.00e-01 0.849
[2016-11-04 01:13:09] 1.33 9.05e-01 0.870 4.93e-01 0.876
[2016-11-04 01:13:28] 1.52 1.19e+00 0.885 4.51e-01 0.884
[2016-11-04 01:13:48] 1.71 9.32e-01 0.920 3.86e-01 0.901
[2016-11-04 01:14:07] 1.90 6.23e-01 0.940 3.26e-01 0.914
[2016-11-04 01:14:27] 2.10 6.54e-01 0.915 3.10e-01 0.924
[2016-11-04 01:14:47] 2.29 5.07e-01 0.950 2.64e-01 0.933
[2016-11-04 01:15:06] 2.48 5.75e-01 0.960 2.38e-01 0.939
[2016-11-04 01:15:25] 2.67 4.50e-01 0.930 2.13e-01 0.946
[2016-11-04 01:15:45] 2.86 5.32e-01 0.970 2.09e-01 0.948
[2016-11-04 01:16:05] 3.05 3.00e-01 0.975 1.93e-01 0.952
[2016-11-04 01:16:24] 3.24 4.33e-01 0.970 1.63e-01 0.959
[2016-11-04 01:16:43] 3.43 3.84e-01 0.970 1.69e-01 0.957
[2016-11-04 01:17:03] 3.62 5.71e-01 0.965 1.54e-01 0.961
[2016-11-04 01:17:22] 3.81 3.57e-01 0.980 1.46e-01 0.963
[2016-11-04 01:17:42] 4.00 3.43e-01 0.965 1.30e-01 0.967
[2016-11-04 01:18:01] 4.19 2.40e-01 0.980 1.38e-01 0.962
[2016-11-04 01:18:20] 4.38 2.54e-01 0.965 1.20e-01 0.969
[2016-11-04 01:18:40] 4.57 2.52e-01 0.990 1.16e-01 0.968
[2016-11-04 01:18:59] 4.76 2.19e-01 0.990 1.14e-01 0.969
[2016-11-04 01:19:19] 4.95 2.19e-01 0.990 1.03e-01 0.972
[2016-11-04 01:19:39] 5.14 2.64e-01 0.990 1.01e-01 0.973
[2016-11-04 01:19:58] 5.33 2.92e-01 0.975 9.91e-02 0.974
[2016-11-04 01:20:17] 5.52 2.72e-01 0.975 9.45e-02 0.975
[2016-11-04 01:20:37] 5.71 2.72e-01 0.985 9.27e-02 0.976
[2016-11-04 01:20:56] 5.90 2.53e-01 0.995 9.16e-02 0.975
[2016-11-04 01:21:17] 6.10 2.62e-01 0.990 8.52e-02 0.978
[2016-11-04 01:21:49] 6.29 1.80e-01 0.990 8.11e-02 0.979
[2016-11-04 01:22:09] 6.48 2.92e-01 0.990 8.53e-02 0.977
[2016-11-04 01:22:28] 6.67 2.96e-01 0.995 7.68e-02 0.980
[2016-11-04 01:22:48] 6.86 2.04e-01 0.995 7.61e-02 0.980
[2016-11-04 01:23:08] 7.05 1.27e-01 1.000 7.49e-02 0.981
[2016-11-04 01:23:27] 7.24 2.85e-01 0.990 7.53e-02 0.980
[2016-11-04 01:23:46] 7.43 1.65e-01 0.985 7.22e-02 0.982
[2016-11-04 01:24:05] 7.62 2.08e-01 0.995 7.34e-02 0.980
[2016-11-04 01:24:25] 7.81 2.18e-01 0.995 6.96e-02 0.982
[2016-11-04 01:24:45] 8.00 2.09e-01 0.980 7.28e-02 0.981
[2016-11-04 01:25:04] 8.19 1.77e-01 1.000 6.83e-02 0.982
[2016-11-04 01:25:23] 8.38 2.16e-01 0.980 6.67e-02 0.982
[2016-11-04 01:25:42] 8.57 1.76e-01 0.995 6.46e-02 0.982
[2016-11-04 01:26:02] 8.76 1.75e-01 1.000 6.41e-02 0.984
[2016-11-04 01:26:22] 8.95 1.64e-01 1.000 6.42e-02 0.983
[2016-11-04 01:26:42] 9.14 2.06e-01 0.995 6.22e-02 0.983
[2016-11-04 01:27:01] 9.33 2.29e-01 0.985 6.11e-02 0.984
[2016-11-04 01:27:20] 9.52 1.70e-01 0.985 6.30e-02 0.983
[2016-11-04 01:27:40] 9.71 2.10e-01 0.985 6.07e-02 0.984
[2016-11-04 01:27:59] 9.90 1.40e-01 1.000 6.04e-02 0.984
                                        [2016-11-04 01:28:07] train complete
test accuracy ---
overall accuracy = 0.983
two of three = 0.999
cho = 0.995
jung = 0.993
jong = 0.995
en = 0.998
train accuracy ---
overall accuracy = 0.993
two of three = 1.000
cho = 0.998
jung = 0.998
jong = 0.998
en = 0.999
ckpt saved to data/ckpt/161103_2IDR.ckpt
