Ckpt save path : data/ckpt/161116_BN.ckpt
Reading tar file from data/tar/161109.tgz...
label loaded
[2016-11-16 17:51:18] Training 410000, mini-batch 200 * 2050
[2016-11-16 17:51:45]  0.10 1.30e+01 0.020 1.33e+01 0.018 2.83e-03
[2016-11-16 17:52:12]  0.20 2.64e+01 0.005 2.54e+01 0.008 2.66e-03
[2016-11-16 17:52:38]  0.29 2.94e+01 0.000 2.97e+01 0.003 2.51e-03
[2016-11-16 17:53:04]  0.39 3.19e+01 0.030 3.21e+01 0.009 2.36e-03
[2016-11-16 17:53:31]  0.49 3.58e+01 0.000 3.43e+01 0.010 2.22e-03
[2016-11-16 17:53:57]  0.59 3.23e+01 0.020 3.30e+01 0.014 2.09e-03
[2016-11-16 17:54:24]  0.68 3.37e+01 0.005 3.26e+01 0.011 1.97e-03
[2016-11-16 17:54:51]  0.78 3.24e+01 0.030 3.08e+01 0.020 1.86e-03
[2016-11-16 17:55:18]  0.88 2.35e+01 0.050 2.39e+01 0.023 1.75e-03
[2016-11-16 17:55:45]  0.98 2.51e+01 0.020 2.57e+01 0.025 1.65e-03
[2016-11-16 17:56:12]  1.07 2.03e+01 0.020 1.98e+01 0.034 1.55e-03
[2016-11-16 17:56:39]  1.17 2.13e+01 0.015 2.21e+01 0.031 1.46e-03
[2016-11-16 17:57:05]  1.27 1.35e+01 0.050 1.40e+01 0.057 1.38e-03
[2016-11-16 17:57:31]  1.37 1.37e+01 0.040 1.25e+01 0.063 1.30e-03
[2016-11-16 17:57:57]  1.46 9.06e+00 0.075 9.26e+00 0.100 1.22e-03
[2016-11-16 17:58:24]  1.56 9.11e+00 0.135 9.03e+00 0.117 1.15e-03
[2016-11-16 17:58:51]  1.66 7.09e+00 0.220 6.88e+00 0.189 1.08e-03
[2016-11-16 17:59:18]  1.76 4.52e+00 0.330 4.48e+00 0.310 1.02e-03
[2016-11-16 17:59:45]  1.85 3.35e+00 0.460 3.95e+00 0.368 9.60e-04
[2016-11-16 18:00:12]  1.95 2.64e+00 0.465 2.63e+00 0.469 9.04e-04
[2016-11-16 18:00:39]  2.05 1.53e+00 0.640 1.63e+00 0.617 8.51e-04
[2016-11-16 18:01:05]  2.15 8.11e-01 0.760 1.01e+00 0.728 8.01e-04
[2016-11-16 18:01:31]  2.24 1.05e+00 0.695 9.78e-01 0.723 7.55e-04
[2016-11-16 18:01:58]  2.34 4.01e-01 0.885 4.97e-01 0.840 7.11e-04
[2016-11-16 18:02:24]  2.44 1.31e-01 0.955 2.13e-01 0.928 6.69e-04
[2016-11-16 18:02:51]  2.54 6.77e-02 0.985 1.27e-01 0.961 6.30e-04
[2016-11-16 18:03:17]  2.63 7.71e-02 0.975 9.51e-02 0.970 5.94e-04
[2016-11-16 18:03:44]  2.73 4.72e-01 0.860 4.87e-01 0.875 5.59e-04
[2016-11-16 18:04:11]  2.83 6.58e-02 0.960 5.11e-02 0.986 5.27e-04
[2016-11-16 18:04:38]  2.93 2.88e-02 0.990 3.49e-02 0.991 4.96e-04
[2016-11-16 18:05:06]  3.02 2.00e-02 0.995 4.58e-02 0.987 4.67e-04
[2016-11-16 18:05:32]  3.12 5.62e-03 1.000 1.92e-02 0.995 4.40e-04
[2016-11-16 18:05:58]  3.22 3.55e-03 1.000 1.88e-02 0.995 4.14e-04
[2016-11-16 18:06:24]  3.32 5.40e-02 0.985 6.49e-02 0.983 3.90e-04
[2016-11-16 18:06:50]  3.41 2.96e-03 1.000 1.22e-02 0.997 3.67e-04
[2016-11-16 18:07:17]  3.51 3.70e-03 1.000 1.18e-02 0.997 3.46e-04
[2016-11-16 18:07:43]  3.61 1.84e-03 1.000 1.42e-02 0.996 3.26e-04
[2016-11-16 18:08:10]  3.71 1.41e-03 1.000 1.12e-02 0.997 3.07e-04
[2016-11-16 18:08:37]  3.80 3.67e-03 1.000 1.33e-02 0.997 2.89e-04
[2016-11-16 18:09:04]  3.90 1.26e-02 0.995 1.08e-02 0.997 2.72e-04
[2016-11-16 18:09:31]  4.00 6.42e-03 0.995 1.42e-02 0.996 2.56e-04
[2016-11-16 18:09:57]  4.10 4.73e-04 1.000 1.06e-02 0.997 2.41e-04
[2016-11-16 18:10:23]  4.20 3.30e-03 1.000 1.14e-02 0.997 2.27e-04
[2016-11-16 18:10:49]  4.29 5.56e-04 1.000 9.72e-03 0.998 2.14e-04
[2016-11-16 18:11:16]  4.39 1.81e-03 1.000 9.14e-03 0.997 2.02e-04
[2016-11-16 18:11:42]  4.49 1.29e-03 1.000 8.91e-03 0.998 1.90e-04
[2016-11-16 18:12:09]  4.59 3.92e-04 1.000 8.32e-03 0.998 1.79e-04
[2016-11-16 18:12:35]  4.68 5.64e-04 1.000 1.03e-02 0.997 1.68e-04
[2016-11-16 18:13:02]  4.78 7.65e-04 1.000 8.82e-03 0.998 1.59e-04
[2016-11-16 18:13:29]  4.88 4.87e-04 1.000 8.14e-03 0.998 1.49e-04
[2016-11-16 18:13:56]  4.98 4.10e-04 1.000 8.20e-03 0.998 1.41e-04
[2016-11-16 18:14:24]  5.07 9.59e-04 1.000 8.44e-03 0.998 1.32e-04
[2016-11-16 18:14:50]  5.17 7.36e-03 0.995 7.90e-03 0.998 1.25e-04
[2016-11-16 18:15:16]  5.27 1.61e-03 1.000 8.63e-03 0.997 1.17e-04
[2016-11-16 18:15:43]  5.37 1.76e-03 1.000 8.24e-03 0.998 1.11e-04
[2016-11-16 18:16:09]  5.46 6.51e-03 0.995 7.53e-03 0.998 1.04e-04
[2016-11-16 18:16:35]  5.56 4.74e-04 1.000 8.36e-03 0.998 9.81e-05
[2016-11-16 18:17:02]  5.66 5.65e-04 1.000 9.56e-03 0.998 9.24e-05
[2016-11-16 18:17:29]  5.76 5.09e-03 0.995 8.59e-03 0.998 8.70e-05
[2016-11-16 18:17:56]  5.85 3.72e-04 1.000 7.78e-03 0.998 8.20e-05
[2016-11-16 18:18:23]  5.95 1.66e-03 1.000 7.86e-03 0.998 7.72e-05
[2016-11-16 18:18:51]  6.05 2.11e-04 1.000 7.95e-03 0.998 7.27e-05
[2016-11-16 18:19:17]  6.15 3.02e-04 1.000 7.77e-03 0.998 6.84e-05
[2016-11-16 18:19:43]  6.24 1.99e-04 1.000 7.57e-03 0.998 6.45e-05
[2016-11-16 18:20:09]  6.34 1.60e-03 1.000 8.23e-03 0.998 6.07e-05
[2016-11-16 18:20:35]  6.44 1.98e-04 1.000 7.46e-03 0.998 5.72e-05
[2016-11-16 18:21:02]  6.54 1.43e-03 1.000 7.47e-03 0.998 5.38e-05
[2016-11-16 18:21:28]  6.63 3.27e-04 1.000 7.27e-03 0.998 5.07e-05
[2016-11-16 18:21:55]  6.73 7.75e-04 1.000 7.51e-03 0.998 4.78e-05
[2016-11-16 18:22:22]  6.83 5.86e-04 1.000 7.80e-03 0.998 4.50e-05
[2016-11-16 18:22:49]  6.93 1.21e-03 1.000 7.88e-03 0.998 4.24e-05
[2016-11-16 18:23:17]  7.02 1.82e-04 1.000 7.41e-03 0.998 3.99e-05
[2016-11-16 18:23:43]  7.12 1.94e-04 1.000 7.59e-03 0.998 3.76e-05
[2016-11-16 18:24:09]  7.22 2.04e-04 1.000 7.49e-03 0.998 3.54e-05
[2016-11-16 18:24:35]  7.32 1.02e-02 0.995 7.85e-03 0.998 3.33e-05
[2016-11-16 18:25:01]  7.41 2.94e-04 1.000 7.54e-03 0.998 3.14e-05
[2016-11-16 18:25:28]  7.51 2.48e-04 1.000 7.58e-03 0.998 2.95e-05
[2016-11-16 18:25:54]  7.61 1.72e-04 1.000 7.30e-03 0.998 2.78e-05
[2016-11-16 18:26:21]  7.71 1.94e-04 1.000 7.37e-03 0.998 2.62e-05
[2016-11-16 18:26:48]  7.80 1.69e-03 1.000 8.06e-03 0.998 2.47e-05
[2016-11-16 18:27:15]  7.90 1.09e-02 0.995 7.22e-03 0.998 2.32e-05
[2016-11-16 18:27:42]  8.00 4.64e-03 0.995 7.19e-03 0.998 2.19e-05
[2016-11-16 18:28:08]  8.10 9.76e-05 1.000 7.45e-03 0.998 2.06e-05
[2016-11-16 18:28:34]  8.20 2.55e-03 1.000 7.45e-03 0.998 1.94e-05
[2016-11-16 18:29:00]  8.29 1.66e-04 1.000 7.52e-03 0.998 1.83e-05
[2016-11-16 18:29:27]  8.39 2.24e-03 1.000 7.58e-03 0.998 1.72e-05
[2016-11-16 18:29:53]  8.49 2.23e-04 1.000 7.53e-03 0.998 1.62e-05
[2016-11-16 18:30:20]  8.59 2.88e-04 1.000 7.50e-03 0.998 1.53e-05
[2016-11-16 18:30:47]  8.68 1.31e-04 1.000 7.39e-03 0.998 1.44e-05
[2016-11-16 18:31:13]  8.78 1.82e-04 1.000 7.72e-03 0.998 1.35e-05
[2016-11-16 18:31:40]  8.88 1.94e-04 1.000 7.54e-03 0.998 1.28e-05
[2016-11-16 18:32:07]  8.98 2.00e-04 1.000 7.32e-03 0.998 1.20e-05
[2016-11-16 18:32:35]  9.07 2.14e-04 1.000 7.38e-03 0.998 1.13e-05
[2016-11-16 18:33:01]  9.17 6.95e-03 0.995 7.41e-03 0.998 1.07e-05
[2016-11-16 18:33:27]  9.27 1.89e-03 1.000 7.39e-03 0.998 1.00e-05
[2016-11-16 18:33:53]  9.37 7.41e-04 1.000 7.44e-03 0.998 9.45e-06
[2016-11-16 18:34:20]  9.46 4.60e-03 0.995 7.39e-03 0.998 8.90e-06
[2016-11-16 18:34:46]  9.56 3.15e-04 1.000 7.45e-03 0.998 8.38e-06
[2016-11-16 18:35:13]  9.66 2.22e-04 1.000 7.37e-03 0.998 7.89e-06
[2016-11-16 18:35:40]  9.76 3.88e-03 0.995 7.46e-03 0.998 7.43e-06
[2016-11-16 18:36:07]  9.85 2.08e-04 1.000 7.60e-03 0.998 7.00e-06
[2016-11-16 18:36:34]  9.95 2.05e-03 1.000 7.40e-03 0.998 6.59e-06
[2016-11-16 18:37:01] 10.05 1.13e-04 1.000 7.34e-03 0.998 6.21e-06
[2016-11-16 18:37:27] 10.15 1.81e-04 1.000 7.39e-03 0.998 5.85e-06
[2016-11-16 18:37:53] 10.24 9.68e-05 1.000 7.35e-03 0.998 5.51e-06
[2016-11-16 18:38:20] 10.34 1.11e-03 1.000 7.39e-03 0.998 5.18e-06
[2016-11-16 18:38:46] 10.44 1.23e-04 1.000 7.34e-03 0.998 4.88e-06
[2016-11-16 18:39:13] 10.54 9.88e-04 1.000 7.37e-03 0.998 4.60e-06
[2016-11-16 18:39:39] 10.63 2.28e-04 1.000 7.35e-03 0.998 4.33e-06
[2016-11-16 18:40:06] 10.73 3.69e-04 1.000 7.37e-03 0.998 4.08e-06
[2016-11-16 18:40:33] 10.83 3.33e-04 1.000 7.46e-03 0.998 3.84e-06
[2016-11-16 18:41:00] 10.93 4.14e-04 1.000 7.42e-03 0.998 3.62e-06
[2016-11-16 18:41:27] 11.02 1.11e-04 1.000 7.37e-03 0.998 3.41e-06
[2016-11-16 18:41:53] 11.12 1.44e-04 1.000 7.39e-03 0.998 3.21e-06
[2016-11-16 18:42:19] 11.22 1.27e-04 1.000 7.38e-03 0.998 3.02e-06
[2016-11-16 18:42:46] 11.32 9.18e-03 0.995 7.39e-03 0.998 2.85e-06
[2016-11-16 18:43:12] 11.41 1.62e-04 1.000 7.37e-03 0.998 2.68e-06
[2016-11-16 18:43:39] 11.51 1.71e-04 1.000 7.36e-03 0.998 2.52e-06
[2016-11-16 18:44:05] 11.61 1.21e-04 1.000 7.35e-03 0.998 2.38e-06
[2016-11-16 18:44:32] 11.71 1.62e-04 1.000 7.35e-03 0.998 2.24e-06
[2016-11-16 18:44:59] 11.80 9.03e-04 1.000 7.38e-03 0.998 2.11e-06
[2016-11-16 18:45:26] 11.90 8.51e-03 0.995 7.36e-03 0.998 1.98e-06
[2016-11-16 18:45:53] 12.00 5.03e-03 0.995 7.37e-03 0.998 1.87e-06
[2016-11-16 18:46:19] 12.10 7.80e-05 1.000 7.37e-03 0.998 1.76e-06
[2016-11-16 18:46:45] 12.20 2.81e-03 1.000 7.37e-03 0.998 1.66e-06
[2016-11-16 18:47:11] 12.29 1.49e-04 1.000 7.38e-03 0.998 1.56e-06
[2016-11-16 18:47:37] 12.39 1.93e-03 1.000 7.38e-03 0.998 1.47e-06
[2016-11-16 18:48:04] 12.49 1.50e-04 1.000 7.37e-03 0.998 1.38e-06
[2016-11-16 18:48:30] 12.59 2.06e-04 1.000 7.37e-03 0.998 1.30e-06
[2016-11-16 18:48:57] 12.68 1.12e-04 1.000 7.35e-03 0.998 1.23e-06
[2016-11-16 18:49:24] 12.78 1.18e-04 1.000 7.38e-03 0.998 1.16e-06
[2016-11-16 18:49:51] 12.88 1.86e-04 1.000 7.37e-03 0.998 1.09e-06
[2016-11-16 18:50:18] 12.98 1.68e-04 1.000 7.37e-03 0.998 1.03e-06
[2016-11-16 18:50:46] 13.07 1.69e-04 1.000 7.37e-03 0.998 9.66e-07
[2016-11-16 18:51:12] 13.17 6.63e-03 0.995 7.37e-03 0.998 9.10e-07
[2016-11-16 18:51:38] 13.27 2.41e-03 1.000 7.37e-03 0.998 8.57e-07
[2016-11-16 18:52:04] 13.37 7.88e-04 1.000 7.38e-03 0.998 8.07e-07
[2016-11-16 18:52:30] 13.46 4.81e-03 0.995 7.37e-03 0.998 7.60e-07
[2016-11-16 18:52:57] 13.56 2.58e-04 1.000 7.37e-03 0.998 7.16e-07
[2016-11-16 18:53:24] 13.66 2.23e-04 1.000 7.36e-03 0.998 6.74e-07
[2016-11-16 18:53:50] 13.76 3.64e-03 0.995 7.37e-03 0.998 6.35e-07
[2016-11-16 18:54:17] 13.85 1.88e-04 1.000 7.37e-03 0.998 5.98e-07
[2016-11-16 18:54:44] 13.95 2.03e-03 1.000 7.37e-03 0.998 5.63e-07
[2016-11-16 18:55:12] 14.05 1.03e-04 1.000 7.37e-03 0.998 5.30e-07
[2016-11-16 18:55:38] 14.15 1.65e-04 1.000 7.37e-03 0.998 4.99e-07
[2016-11-16 18:56:04] 14.24 8.03e-05 1.000 7.37e-03 0.998 4.70e-07
[2016-11-16 18:56:30] 14.34 9.98e-04 1.000 7.37e-03 0.998 4.43e-07
[2016-11-16 18:56:57] 14.44 1.07e-04 1.000 7.37e-03 0.998 4.17e-07
[2016-11-16 18:57:23] 14.54 9.37e-04 1.000 7.37e-03 0.998 3.93e-07
[2016-11-16 18:57:50] 14.63 2.32e-04 1.000 7.37e-03 0.998 3.70e-07
[2016-11-16 18:58:17] 14.73 2.77e-04 1.000 7.37e-03 0.998 3.48e-07
[2016-11-16 18:58:44] 14.83 2.53e-04 1.000 7.37e-03 0.998 3.28e-07
[2016-11-16 18:59:11] 14.93 3.28e-04 1.000 7.37e-03 0.998 3.09e-07
[2016-11-16 18:59:38] 15.02 1.01e-04 1.000 7.37e-03 0.998 2.91e-07
[2016-11-16 19:00:04] 15.12 1.39e-04 1.000 7.37e-03 0.998 2.74e-07
[2016-11-16 19:00:30] 15.22 1.19e-04 1.000 7.37e-03 0.998 2.58e-07
[2016-11-16 19:00:56] 15.32 9.53e-03 0.995 7.37e-03 0.998 2.43e-07
[2016-11-16 19:01:23] 15.41 1.60e-04 1.000 7.37e-03 0.998 2.29e-07
[2016-11-16 19:01:49] 15.51 1.58e-04 1.000 7.37e-03 0.998 2.16e-07
[2016-11-16 19:02:16] 15.61 1.20e-04 1.000 7.37e-03 0.998 2.03e-07
[2016-11-16 19:02:42] 15.71 1.52e-04 1.000 7.37e-03 0.998 1.91e-07
[2016-11-16 19:03:09] 15.80 8.31e-04 1.000 7.37e-03 0.998 1.80e-07
[2016-11-16 19:03:36] 15.90 8.02e-03 0.995 7.37e-03 0.998 1.70e-07
[2016-11-16 19:04:03] 16.00 4.95e-03 0.995 7.37e-03 0.998 1.60e-07
[2016-11-16 19:04:30] 16.10 7.55e-05 1.000 7.37e-03 0.998 1.50e-07
[2016-11-16 19:04:56] 16.20 2.81e-03 1.000 7.37e-03 0.998 1.42e-07
[2016-11-16 19:05:22] 16.29 1.48e-04 1.000 7.37e-03 0.998 1.33e-07
[2016-11-16 19:05:48] 16.39 2.01e-03 1.000 7.37e-03 0.998 1.26e-07
[2016-11-16 19:06:15] 16.49 1.44e-04 1.000 7.37e-03 0.998 1.18e-07
[2016-11-16 19:06:41] 16.59 2.02e-04 1.000 7.37e-03 0.998 1.11e-07
[2016-11-16 19:07:08] 16.68 1.08e-04 1.000 7.37e-03 0.998 1.05e-07
[2016-11-16 19:07:35] 16.78 1.15e-04 1.000 7.37e-03 0.998 9.88e-08
[2016-11-16 19:08:02] 16.88 1.85e-04 1.000 7.37e-03 0.998 9.30e-08
[2016-11-16 19:08:29] 16.98 1.67e-04 1.000 7.37e-03 0.998 8.76e-08
[2016-11-16 19:08:56] 17.07 1.66e-04 1.000 7.37e-03 0.998 8.25e-08
[2016-11-16 19:09:22] 17.17 6.71e-03 0.995 7.37e-03 0.998 7.77e-08
[2016-11-16 19:09:48] 17.27 2.48e-03 1.000 7.37e-03 0.998 7.32e-08
[2016-11-16 19:10:15] 17.37 7.70e-04 1.000 7.37e-03 0.998 6.89e-08
[2016-11-16 19:10:41] 17.46 4.74e-03 0.995 7.37e-03 0.998 6.49e-08
[2016-11-16 19:11:08] 17.56 2.56e-04 1.000 7.37e-03 0.998 6.11e-08
[2016-11-16 19:11:34] 17.66 2.23e-04 1.000 7.37e-03 0.998 5.76e-08
[2016-11-16 19:12:01] 17.76 3.63e-03 0.995 7.37e-03 0.998 5.42e-08
[2016-11-16 19:12:28] 17.85 1.88e-04 1.000 7.37e-03 0.998 5.10e-08
[2016-11-16 19:12:55] 17.95 2.00e-03 1.000 7.37e-03 0.998 4.81e-08
[2016-11-16 19:13:23] 18.05 1.02e-04 1.000 7.37e-03 0.998 4.53e-08
[2016-11-16 19:13:49] 18.15 1.64e-04 1.000 7.37e-03 0.998 4.26e-08
[2016-11-16 19:14:15] 18.24 7.92e-05 1.000 7.37e-03 0.998 4.02e-08
[2016-11-16 19:14:41] 18.34 9.77e-04 1.000 7.37e-03 0.998 3.78e-08
[2016-11-16 19:15:07] 18.44 1.06e-04 1.000 7.37e-03 0.998 3.56e-08
[2016-11-16 19:15:34] 18.54 9.25e-04 1.000 7.37e-03 0.998 3.35e-08
[2016-11-16 19:16:00] 18.63 2.32e-04 1.000 7.37e-03 0.998 3.16e-08
[2016-11-16 19:16:27] 18.73 2.70e-04 1.000 7.37e-03 0.998 2.97e-08
[2016-11-16 19:16:54] 18.83 2.53e-04 1.000 7.37e-03 0.998 2.80e-08
[2016-11-16 19:17:21] 18.93 3.27e-04 1.000 7.37e-03 0.998 2.64e-08
[2016-11-16 19:17:49] 19.02 1.00e-04 1.000 7.37e-03 0.998 2.48e-08
[2016-11-16 19:18:15] 19.12 1.39e-04 1.000 7.37e-03 0.998 2.34e-08
[2016-11-16 19:18:41] 19.22 1.19e-04 1.000 7.37e-03 0.998 2.20e-08
[2016-11-16 19:19:07] 19.32 9.56e-03 0.995 7.37e-03 0.998 2.08e-08
[2016-11-16 19:19:33] 19.41 1.61e-04 1.000 7.37e-03 0.998 1.95e-08
[2016-11-16 19:20:00] 19.51 1.57e-04 1.000 7.37e-03 0.998 1.84e-08
[2016-11-16 19:20:26] 19.61 1.19e-04 1.000 7.37e-03 0.998 1.73e-08
[2016-11-16 19:20:53] 19.71 1.51e-04 1.000 7.37e-03 0.998 1.63e-08
[2016-11-16 19:21:20] 19.80 8.27e-04 1.000 7.37e-03 0.998 1.54e-08
[2016-11-16 19:21:47] 19.90 7.98e-03 0.995 7.37e-03 0.998 1.45e-08
[2016-11-16 19:22:14] 20.00 4.94e-03 0.995 7.37e-03 0.998 1.36e-08
                                        [2016-11-16 19:22:14] train complete
test accuracy ---
overall accuracy = 0.998
two of three = 1.000
cho = 1.000
jung = 0.999
jong = 1.000
en = 0.999
train accuracy ---
overall accuracy = 0.999
two of three = 1.000
cho = 1.000
jung = 1.000
jong = 1.000
en = 0.999
ckpt saved to data/ckpt/161116_BN.ckpt
