Ckpt save path : data/ckpt/161103_2IDR2.ckpt
Reading tar file from data/tar/161020.tgz...
label loaded
[2016-11-04 01:49:54] Training 210000, mini-batch 200 * 1050
[2016-11-04 01:51:52] 0.19 4.38e+00 0.290 3.78e+00 0.270
[2016-11-04 01:53:49] 0.38 3.18e+00 0.550 2.44e+00 0.454
[2016-11-04 01:55:46] 0.57 2.46e+00 0.610 1.87e+00 0.557
[2016-11-04 01:57:43] 0.76 1.91e+00 0.650 1.40e+00 0.666
[2016-11-04 01:59:40] 0.95 1.62e+00 0.775 1.21e+00 0.694
[2016-11-04 02:01:38] 1.14 1.45e+00 0.830 8.75e-01 0.786
[2016-11-04 02:03:35] 1.33 1.34e+00 0.795 6.87e-01 0.822
[2016-11-04 02:05:32] 1.52 1.21e+00 0.870 5.65e-01 0.859
[2016-11-04 02:07:30] 1.71 9.52e-01 0.910 4.58e-01 0.884
[2016-11-04 02:09:27] 1.90 7.92e-01 0.940 3.90e-01 0.899
[2016-11-04 02:11:25] 2.10 6.87e-01 0.925 3.38e-01 0.912
[2016-11-04 02:13:22] 2.29 4.99e-01 0.955 2.80e-01 0.929
[2016-11-04 02:15:19] 2.48 5.58e-01 0.935 2.74e-01 0.927
[2016-11-04 02:17:16] 2.67 5.24e-01 0.975 2.27e-01 0.943
[2016-11-04 02:19:13] 2.86 4.98e-01 0.955 2.07e-01 0.946
[2016-11-04 02:21:11] 3.05 3.36e-01 0.980 1.81e-01 0.955
[2016-11-04 02:23:08] 3.24 3.85e-01 0.960 1.68e-01 0.955
[2016-11-04 02:25:05] 3.43 3.40e-01 0.970 1.61e-01 0.958
[2016-11-04 02:27:02] 3.62 3.04e-01 0.970 1.54e-01 0.960
[2016-11-04 02:28:59] 3.81 4.90e-01 0.970 1.40e-01 0.963
[2016-11-04 02:30:56] 4.00 3.28e-01 0.970 1.23e-01 0.967
[2016-11-04 02:32:52] 4.19 3.55e-01 0.975 1.31e-01 0.964
[2016-11-04 02:34:48] 4.38 2.95e-01 0.950 1.11e-01 0.970
[2016-11-04 02:36:44] 4.57 2.71e-01 0.990 1.03e-01 0.974
[2016-11-04 02:38:40] 4.76 2.66e-01 0.990 9.92e-02 0.974
[2016-11-04 02:40:37] 4.95 3.11e-01 0.975 9.78e-02 0.974
[2016-11-04 02:42:33] 5.14 2.27e-01 0.995 8.80e-02 0.976
[2016-11-04 02:44:30] 5.33 3.08e-01 0.990 8.11e-02 0.979
[2016-11-04 02:46:26] 5.52 2.72e-01 0.980 8.09e-02 0.979
[2016-11-04 02:48:22] 5.71 2.65e-01 0.985 8.04e-02 0.978
[2016-11-04 02:50:18] 5.90 1.50e-01 1.000 7.33e-02 0.980
[2016-11-04 02:52:15] 6.10 1.61e-01 1.000 7.18e-02 0.981
[2016-11-04 02:54:11] 6.29 1.34e-01 0.990 6.79e-02 0.983
[2016-11-04 02:56:07] 6.48 2.23e-01 1.000 6.74e-02 0.983
[2016-11-04 02:58:03] 6.67 2.29e-01 0.995 6.37e-02 0.983
[2016-11-04 03:00:00] 6.86 2.01e-01 0.990 6.11e-02 0.984
[2016-11-04 03:01:57] 7.05 2.50e-01 1.000 6.13e-02 0.984
[2016-11-04 03:03:53] 7.24 1.96e-01 0.990 5.77e-02 0.985
[2016-11-04 03:05:49] 7.43 1.42e-01 0.995 5.58e-02 0.986
[2016-11-04 03:07:46] 7.62 1.16e-01 1.000 5.45e-02 0.986
[2016-11-04 03:09:42] 7.81 3.38e-01 0.985 5.92e-02 0.984
[2016-11-04 03:11:39] 8.00 2.08e-01 0.990 5.48e-02 0.986
[2016-11-04 03:13:35] 8.19 1.60e-01 1.000 5.03e-02 0.987
[2016-11-04 03:15:31] 8.38 2.54e-01 0.975 5.11e-02 0.986
[2016-11-04 03:17:27] 8.57 1.23e-01 1.000 4.99e-02 0.988
[2016-11-04 03:19:24] 8.76 1.42e-01 1.000 4.88e-02 0.988
[2016-11-04 03:21:20] 8.95 1.52e-01 0.995 4.74e-02 0.987
[2016-11-04 03:23:17] 9.14 1.23e-01 1.000 4.71e-02 0.988
[2016-11-04 03:25:14] 9.33 1.16e-01 1.000 4.72e-02 0.988
[2016-11-04 03:27:10] 9.52 1.44e-01 1.000 4.43e-02 0.988
[2016-11-04 03:29:06] 9.71 1.15e-01 0.995 4.58e-02 0.988
[2016-11-04 03:31:03] 9.90 9.02e-02 1.000 4.46e-02 0.988
                                        [2016-11-04 03:31:50] train complete
test accuracy ---
overall accuracy = 0.988
two of three = 0.999
cho = 0.997
jung = 0.995
jong = 0.997
en = 0.999
train accuracy ---
overall accuracy = 0.995
two of three = 1.000
cho = 0.999
jung = 0.999
jong = 0.999
en = 0.999
ckpt saved to data/ckpt/161103_2IDR2.ckpt
