Ckpt save path : data/ckpt/161103_2ID.ckpt
Reading tar file from data/tar/161020.tgz...
label loaded
[2016-11-03 23:26:07] Training 210000, mini-batch 200 * 1050
[2016-11-03 23:26:29] 0.19 2.47e+00 0.545 2.12e+00 0.507
[2016-11-03 23:26:50] 0.38 1.49e+00 0.765 9.85e-01 0.748
[2016-11-03 23:27:12] 0.57 1.10e+00 0.810 6.40e-01 0.842
[2016-11-03 23:27:33] 0.76 8.20e-01 0.895 4.52e-01 0.883
[2016-11-03 23:27:55] 0.95 7.07e-01 0.935 3.27e-01 0.915
[2016-11-03 23:28:17] 1.14 5.43e-01 0.980 2.36e-01 0.942
[2016-11-03 23:28:38] 1.33 5.64e-01 0.965 2.11e-01 0.947
[2016-11-03 23:28:59] 1.52 5.22e-01 0.975 1.64e-01 0.959
[2016-11-03 23:29:21] 1.71 4.25e-01 0.960 1.85e-01 0.948
[2016-11-03 23:29:42] 1.90 2.49e-01 0.980 1.32e-01 0.965
[2016-11-03 23:30:04] 2.10 2.63e-01 0.995 1.16e-01 0.972
[2016-11-03 23:30:25] 2.29 3.22e-01 0.980 9.56e-02 0.974
[2016-11-03 23:30:46] 2.48 2.28e-01 0.990 8.95e-02 0.976
[2016-11-03 23:31:08] 2.67 2.32e-01 0.995 7.96e-02 0.978
[2016-11-03 23:31:29] 2.86 1.81e-01 0.990 7.27e-02 0.980
[2016-11-03 23:31:51] 3.05 1.55e-01 1.000 7.28e-02 0.980
[2016-11-03 23:32:12] 3.24 1.97e-01 0.990 6.61e-02 0.982
[2016-11-03 23:32:34] 3.43 1.17e-01 0.990 5.65e-02 0.986
[2016-11-03 23:32:55] 3.62 1.60e-01 0.995 5.28e-02 0.986
[2016-11-03 23:33:16] 3.81 2.10e-01 0.990 4.94e-02 0.987
[2016-11-03 23:33:38] 4.00 1.25e-01 0.990 4.29e-02 0.989
[2016-11-03 23:33:59] 4.19 1.34e-01 1.000 3.98e-02 0.989
[2016-11-03 23:34:20] 4.38 1.58e-01 0.980 4.10e-02 0.988
[2016-11-03 23:34:42] 4.57 1.18e-01 1.000 3.91e-02 0.989
[2016-11-03 23:35:03] 4.76 1.45e-01 1.000 3.37e-02 0.991
[2016-11-03 23:35:25] 4.95 1.73e-01 0.995 3.61e-02 0.990
[2016-11-03 23:35:47] 5.14 9.78e-02 1.000 3.97e-02 0.989
[2016-11-03 23:36:08] 5.33 1.37e-01 0.995 3.40e-02 0.991
[2016-11-03 23:36:29] 5.52 1.25e-01 1.000 2.97e-02 0.992
[2016-11-03 23:36:50] 5.71 1.35e-01 0.995 2.84e-02 0.993
[2016-11-03 23:37:12] 5.90 8.69e-02 1.000 2.74e-02 0.993
[2016-11-03 23:37:34] 6.10 9.28e-02 1.000 2.53e-02 0.993
[2016-11-03 23:37:55] 6.29 7.77e-02 0.995 2.59e-02 0.993
[2016-11-03 23:38:16] 6.48 7.87e-02 1.000 2.47e-02 0.994
[2016-11-03 23:38:38] 6.67 8.37e-02 1.000 2.48e-02 0.993
[2016-11-03 23:38:59] 6.86 7.47e-02 0.995 2.22e-02 0.994
[2016-11-03 23:39:21] 7.05 5.23e-02 1.000 2.25e-02 0.994
[2016-11-03 23:39:42] 7.24 3.17e-02 1.000 2.18e-02 0.994
[2016-11-03 23:40:03] 7.43 6.35e-02 0.995 2.24e-02 0.994
[2016-11-03 23:40:25] 7.62 7.18e-02 0.995 1.93e-02 0.995
[2016-11-03 23:40:46] 7.81 9.69e-02 0.990 1.90e-02 0.995
[2016-11-03 23:41:08] 8.00 9.01e-02 0.990 2.19e-02 0.994
[2016-11-03 23:41:29] 8.19 4.45e-02 1.000 1.82e-02 0.995
[2016-11-03 23:41:50] 8.38 1.08e-01 0.990 1.97e-02 0.995
[2016-11-03 23:42:12] 8.57 6.62e-02 0.995 1.76e-02 0.995
[2016-11-03 23:42:33] 8.76 1.26e-01 1.000 1.68e-02 0.995
[2016-11-03 23:42:55] 8.95 1.08e-01 1.000 1.71e-02 0.995
[2016-11-03 23:43:17] 9.14 4.02e-02 1.000 1.61e-02 0.995
[2016-11-03 23:43:38] 9.33 8.74e-02 1.000 1.68e-02 0.996
[2016-11-03 23:43:59] 9.52 2.85e-02 1.000 1.71e-02 0.995
[2016-11-03 23:44:20] 9.71 8.74e-02 0.995 1.59e-02 0.996
[2016-11-03 23:44:42] 9.90 3.72e-02 1.000 1.52e-02 0.996
                                        [2016-11-03 23:44:51] train complete
test accuracy ---
overall accuracy = 0.995
two of three = 1.000
cho = 0.999
jung = 0.998
jong = 0.999
en = 0.999
train accuracy ---
overall accuracy = 0.999
two of three = 1.000
cho = 1.000
jung = 1.000
jong = 1.000
en = 0.999
ckpt saved to data/ckpt/161103_2ID.ckpt
