Ckpt save path : data/ckpt/161117_BN2.ckpt
Reading tar file from data/tar/161117.tgz...
label loaded
[2016-11-17 19:17:15] Training 410000, mini-batch 200 * 2050
[2016-11-17 19:17:42]  0.10 7.71e+00 0.070 7.59e+00 0.092 2.83e-03
[2016-11-17 19:18:08]  0.20 8.77e+00 0.085 8.56e+00 0.065 2.66e-03
[2016-11-17 19:18:35]  0.29 8.29e+00 0.070 8.60e+00 0.063 2.51e-03
[2016-11-17 19:19:01]  0.39 9.61e+00 0.020 9.49e+00 0.037 2.36e-03
[2016-11-17 19:19:28]  0.49 8.46e+00 0.025 8.51e+00 0.029 2.22e-03
[2016-11-17 19:19:55]  0.59 8.39e+00 0.035 8.01e+00 0.044 2.09e-03
[2016-11-17 19:20:22]  0.68 9.58e+00 0.020 9.01e+00 0.030 1.97e-03
[2016-11-17 19:20:50]  0.78 8.66e+00 0.050 8.60e+00 0.035 1.86e-03
[2016-11-17 19:21:17]  0.88 6.75e+00 0.075 6.50e+00 0.083 1.75e-03
[2016-11-17 19:21:45]  0.98 6.72e+00 0.105 7.01e+00 0.079 1.65e-03
[2016-11-17 19:22:13]  1.07 5.68e+00 0.130 5.95e+00 0.109 1.55e-03
[2016-11-17 19:22:39]  1.17 7.98e+00 0.095 7.59e+00 0.088 1.46e-03
[2016-11-17 19:23:06]  1.27 5.21e+00 0.155 5.49e+00 0.171 1.38e-03
[2016-11-17 19:23:32]  1.37 3.13e+00 0.370 3.27e+00 0.338 1.30e-03
[2016-11-17 19:23:59]  1.46 2.21e+00 0.475 2.18e+00 0.504 1.22e-03
[2016-11-17 19:24:26]  1.56 2.16e+00 0.470 2.40e+00 0.461 1.15e-03
[2016-11-17 19:24:53]  1.66 1.12e+00 0.665 1.13e+00 0.670 1.08e-03
[2016-11-17 19:25:20]  1.76 8.90e-01 0.755 7.35e-01 0.759 1.02e-03
[2016-11-17 19:25:48]  1.85 4.26e-01 0.865 5.27e-01 0.848 9.60e-04
[2016-11-17 19:26:15]  1.95 3.21e-01 0.910 3.69e-01 0.892 9.04e-04
[2016-11-17 19:26:44]  2.05 2.92e-01 0.885 3.26e-01 0.888 8.51e-04
[2016-11-17 19:27:10]  2.15 2.87e-01 0.915 2.88e-01 0.920 8.01e-04
[2016-11-17 19:27:36]  2.24 3.28e-01 0.900 2.89e-01 0.923 7.55e-04
[2016-11-17 19:28:02]  2.34 2.89e-02 0.995 7.35e-02 0.981 7.11e-04
[2016-11-17 19:28:29]  2.44 3.98e-02 0.995 8.81e-02 0.977 6.69e-04
[2016-11-17 19:28:56]  2.54 2.63e-02 0.990 4.78e-02 0.988 6.30e-04
[2016-11-17 19:29:23]  2.63 6.54e-02 0.985 6.24e-02 0.983 5.94e-04
[2016-11-17 19:29:50]  2.73 4.85e-02 0.985 6.28e-02 0.983 5.59e-04
[2016-11-17 19:30:18]  2.83 4.43e-02 0.985 5.07e-02 0.987 5.27e-04
[2016-11-17 19:30:45]  2.93 1.28e-02 1.000 4.97e-02 0.986 4.96e-04
[2016-11-17 19:31:14]  3.02 1.38e-02 0.995 2.73e-02 0.993 4.67e-04
[2016-11-17 19:31:40]  3.12 1.75e-02 1.000 3.29e-02 0.992 4.40e-04
[2016-11-17 19:32:06]  3.22 2.12e-02 0.990 3.09e-02 0.993 4.14e-04
[2016-11-17 19:32:32]  3.32 4.92e-03 1.000 2.68e-02 0.993 3.90e-04
[2016-11-17 19:32:59]  3.41 5.07e-03 1.000 2.63e-02 0.994 3.67e-04
[2016-11-17 19:33:26]  3.51 1.85e-02 0.990 2.37e-02 0.994 3.46e-04
[2016-11-17 19:33:53]  3.61 1.76e-03 1.000 2.04e-02 0.995 3.26e-04
[2016-11-17 19:34:20]  3.71 7.01e-03 1.000 4.27e-02 0.990 3.07e-04
[2016-11-17 19:34:47]  3.80 2.93e-03 1.000 2.24e-02 0.994 2.89e-04
[2016-11-17 19:35:15]  3.90 4.68e-03 0.995 1.92e-02 0.995 2.72e-04
[2016-11-17 19:35:43]  4.00 2.26e-03 1.000 1.92e-02 0.995 2.56e-04
[2016-11-17 19:36:09]  4.10 7.37e-03 0.995 2.05e-02 0.995 2.41e-04
[2016-11-17 19:36:35]  4.20 3.28e-03 1.000 2.04e-02 0.995 2.27e-04
[2016-11-17 19:37:01]  4.29 4.63e-03 1.000 2.03e-02 0.995 2.14e-04
[2016-11-17 19:37:28]  4.39 1.86e-03 1.000 1.74e-02 0.996 2.02e-04
[2016-11-17 19:37:54]  4.49 1.69e-02 0.995 2.26e-02 0.994 1.90e-04
[2016-11-17 19:38:21]  4.59 2.77e-03 1.000 1.79e-02 0.995 1.79e-04
[2016-11-17 19:38:48]  4.68 3.11e-03 1.000 1.78e-02 0.996 1.68e-04
[2016-11-17 19:39:16]  4.78 3.62e-03 1.000 1.90e-02 0.995 1.59e-04
[2016-11-17 19:39:43]  4.88 2.03e-03 1.000 1.57e-02 0.996 1.49e-04
[2016-11-17 19:40:11]  4.98 1.72e-03 1.000 1.71e-02 0.996 1.41e-04
                                        [2016-11-17 19:40:18] train complete
test accuracy ---
overall accuracy = 0.996
two of three = 1.000
cho = 1.000
jung = 0.998
jong = 1.000
en = 0.999
train accuracy ---
overall accuracy = 0.999
two of three = 1.000
cho = 1.000
jung = 1.000
jong = 1.000
en = 0.999
ckpt saved to data/ckpt/161117_BN2.ckpt
