Ckpt save path : data/ckpt/161210_2IDR2.ckpt
Reading tar file from data/tar/161117.tgz...
label loaded
[2016-12-10 23:38:05] Training 410000, mini-batch 200 * 2050
[2016-12-10 23:38:26]  0.10 2.07e+00 0.515 2.24e+00 0.505 2.83e-03
[2016-12-10 23:38:47]  0.20 1.20e+00 0.720 1.21e+00 0.714 2.66e-03
[2016-12-10 23:39:07]  0.29 7.89e-01 0.785 7.60e-01 0.811 2.51e-03
[2016-12-10 23:39:28]  0.39 5.44e-01 0.870 5.38e-01 0.872 2.36e-03
[2016-12-10 23:39:49]  0.49 4.28e-01 0.880 4.51e-01 0.887 2.22e-03
[2016-12-10 23:40:10]  0.59 3.25e-01 0.930 3.54e-01 0.910 2.09e-03
[2016-12-10 23:40:31]  0.68 2.64e-01 0.915 2.78e-01 0.928 1.97e-03
[2016-12-10 23:40:53]  0.78 1.14e-01 0.980 2.58e-01 0.933 1.86e-03
[2016-12-10 23:41:14]  0.88 1.95e-01 0.960 2.20e-01 0.943 1.75e-03
[2016-12-10 23:41:36]  0.98 2.39e-01 0.945 1.94e-01 0.951 1.65e-03
[2016-12-10 23:41:59]  1.07 1.48e-01 0.965 1.72e-01 0.954 1.55e-03
[2016-12-10 23:42:19]  1.17 1.83e-01 0.950 1.46e-01 0.963 1.46e-03
[2016-12-10 23:42:39]  1.27 1.40e-01 0.965 1.40e-01 0.963 1.38e-03
[2016-12-10 23:43:00]  1.37 1.36e-01 0.955 1.31e-01 0.966 1.30e-03
[2016-12-10 23:43:21]  1.46 1.18e-01 0.960 1.33e-01 0.964 1.22e-03
[2016-12-10 23:43:42]  1.56 1.01e-01 0.970 1.19e-01 0.968 1.15e-03
[2016-12-10 23:44:03]  1.66 9.75e-02 0.985 1.06e-01 0.973 1.08e-03
[2016-12-10 23:44:25]  1.76 7.59e-02 0.985 9.64e-02 0.976 1.02e-03
[2016-12-10 23:44:47]  1.85 9.85e-02 0.985 9.78e-02 0.975 9.60e-04
[2016-12-10 23:45:08]  1.95 9.43e-02 0.985 8.25e-02 0.979 9.04e-04
[2016-12-10 23:45:31]  2.05 1.67e-01 0.965 8.55e-02 0.977 8.51e-04
[2016-12-10 23:45:51]  2.15 4.86e-02 0.995 7.85e-02 0.979 8.01e-04
[2016-12-10 23:46:12]  2.24 9.84e-02 0.975 7.32e-02 0.980 7.55e-04
[2016-12-10 23:46:32]  2.34 3.08e-02 0.995 6.99e-02 0.981 7.11e-04
[2016-12-10 23:46:53]  2.44 3.95e-02 0.990 7.44e-02 0.980 6.69e-04
[2016-12-10 23:47:14]  2.54 5.13e-02 0.990 6.32e-02 0.984 6.30e-04
[2016-12-10 23:47:35]  2.63 8.02e-02 0.985 6.07e-02 0.983 5.94e-04
[2016-12-10 23:47:57]  2.73 8.42e-02 0.990 5.93e-02 0.984 5.59e-04
[2016-12-10 23:48:18]  2.83 3.69e-02 0.990 5.74e-02 0.985 5.27e-04
[2016-12-10 23:48:40]  2.93 2.82e-02 0.995 5.64e-02 0.985 4.96e-04
[2016-12-10 23:49:02]  3.02 3.29e-02 0.985 5.50e-02 0.985 4.67e-04
[2016-12-10 23:49:23]  3.12 2.55e-02 0.995 5.55e-02 0.985 4.40e-04
[2016-12-10 23:49:43]  3.22 4.37e-02 0.985 5.06e-02 0.987 4.14e-04
[2016-12-10 23:50:04]  3.32 2.86e-02 0.995 5.07e-02 0.987 3.90e-04
[2016-12-10 23:50:25]  3.41 3.80e-02 0.990 5.00e-02 0.987 3.67e-04
[2016-12-10 23:50:45]  3.51 6.56e-02 0.985 4.71e-02 0.987 3.46e-04
[2016-12-10 23:51:07]  3.61 1.73e-02 0.995 4.62e-02 0.988 3.26e-04
[2016-12-10 23:51:28]  3.71 1.75e-02 0.990 4.52e-02 0.988 3.07e-04
[2016-12-10 23:51:49]  3.80 6.83e-02 0.980 4.39e-02 0.989 2.89e-04
[2016-12-10 23:52:11]  3.90 3.88e-02 0.985 4.33e-02 0.988 2.72e-04
[2016-12-10 23:52:33]  4.00 3.55e-02 0.980 4.26e-02 0.989 2.56e-04
[2016-12-10 23:52:53]  4.10 4.81e-02 0.985 4.19e-02 0.989 2.41e-04
[2016-12-10 23:53:14]  4.20 3.44e-02 0.990 4.26e-02 0.989 2.27e-04
[2016-12-10 23:53:34]  4.29 2.89e-02 0.995 3.97e-02 0.990 2.14e-04
[2016-12-10 23:53:55]  4.39 3.32e-02 0.990 4.20e-02 0.989 2.02e-04
[2016-12-10 23:54:16]  4.49 3.39e-02 0.990 4.20e-02 0.989 1.90e-04
[2016-12-10 23:54:37]  4.59 1.78e-02 0.995 3.88e-02 0.990 1.79e-04
[2016-12-10 23:54:58]  4.68 2.96e-02 0.990 3.88e-02 0.990 1.68e-04
[2016-12-10 23:55:20]  4.78 9.04e-03 0.995 3.81e-02 0.990 1.59e-04
[2016-12-10 23:55:41]  4.88 3.33e-02 0.985 3.81e-02 0.990 1.49e-04
[2016-12-10 23:56:03]  4.98 3.46e-02 0.985 3.71e-02 0.991 1.41e-04
[2016-12-10 23:56:26]  5.07 1.09e-02 1.000 3.77e-02 0.990 1.32e-04
[2016-12-10 23:56:46]  5.17 2.94e-02 0.995 3.63e-02 0.990 1.25e-04
[2016-12-10 23:57:07]  5.27 1.32e-02 1.000 3.61e-02 0.990 1.17e-04
[2016-12-10 23:57:27]  5.37 1.27e-02 1.000 3.56e-02 0.990 1.11e-04
[2016-12-10 23:57:48]  5.46 1.76e-02 0.995 3.55e-02 0.990 1.04e-04
[2016-12-10 23:58:09]  5.56 1.54e-02 1.000 3.48e-02 0.991 9.81e-05
[2016-12-10 23:58:30]  5.66 1.84e-02 0.995 3.44e-02 0.991 9.24e-05
[2016-12-10 23:58:52]  5.76 7.17e-03 1.000 3.45e-02 0.991 8.70e-05
[2016-12-10 23:59:14]  5.85 1.53e-02 0.995 3.43e-02 0.990 8.20e-05
[2016-12-10 23:59:35]  5.95 2.24e-02 0.995 3.44e-02 0.991 7.72e-05
[2016-12-10 23:59:58]  6.05 2.81e-02 0.990 3.44e-02 0.991 7.27e-05
[2016-12-11 00:00:18]  6.15 6.69e-03 0.995 3.40e-02 0.991 6.84e-05
[2016-12-11 00:00:39]  6.24 2.24e-02 0.995 3.37e-02 0.991 6.45e-05
[2016-12-11 00:00:59]  6.34 6.40e-03 1.000 3.38e-02 0.991 6.07e-05
[2016-12-11 00:01:20]  6.44 4.68e-03 1.000 3.35e-02 0.991 5.72e-05
[2016-12-11 00:01:41]  6.54 6.93e-03 1.000 3.37e-02 0.991 5.38e-05
[2016-12-11 00:02:03]  6.63 5.12e-02 0.990 3.27e-02 0.991 5.07e-05
[2016-12-11 00:02:24]  6.73 1.96e-02 0.990 3.32e-02 0.991 4.78e-05
[2016-12-11 00:02:46]  6.83 9.42e-03 1.000 3.30e-02 0.991 4.50e-05
[2016-12-11 00:03:07]  6.93 9.14e-03 1.000 3.25e-02 0.991 4.24e-05
[2016-12-11 00:03:30]  7.02 1.09e-02 0.990 3.25e-02 0.991 3.99e-05
[2016-12-11 00:03:50]  7.12 1.39e-02 0.995 3.27e-02 0.991 3.76e-05
[2016-12-11 00:04:11]  7.22 2.77e-02 0.990 3.24e-02 0.991 3.54e-05
[2016-12-11 00:04:31]  7.32 1.54e-02 0.995 3.23e-02 0.991 3.33e-05
[2016-12-11 00:04:52]  7.41 1.24e-02 1.000 3.21e-02 0.991 3.14e-05
[2016-12-11 00:05:13]  7.51 2.44e-02 0.990 3.20e-02 0.991 2.95e-05
[2016-12-11 00:05:34]  7.61 3.14e-03 1.000 3.19e-02 0.992 2.78e-05
[2016-12-11 00:05:56]  7.71 8.92e-03 0.995 3.23e-02 0.991 2.62e-05
[2016-12-11 00:06:17]  7.80 3.61e-02 0.985 3.22e-02 0.992 2.47e-05
[2016-12-11 00:06:39]  7.90 2.05e-02 0.985 3.19e-02 0.991 2.32e-05
[2016-12-11 00:07:01]  8.00 2.09e-02 0.990 3.18e-02 0.992 2.19e-05
[2016-12-11 00:07:21]  8.10 2.39e-02 0.995 3.17e-02 0.992 2.06e-05
[2016-12-11 00:07:42]  8.20 1.87e-02 0.990 3.18e-02 0.991 1.94e-05
[2016-12-11 00:08:02]  8.29 1.64e-02 0.995 3.16e-02 0.992 1.83e-05
[2016-12-11 00:08:23]  8.39 1.64e-02 1.000 3.16e-02 0.992 1.72e-05
[2016-12-11 00:08:44]  8.49 1.91e-02 1.000 3.16e-02 0.992 1.62e-05
[2016-12-11 00:09:05]  8.59 1.10e-02 0.995 3.14e-02 0.992 1.53e-05
[2016-12-11 00:09:27]  8.68 2.21e-02 0.995 3.14e-02 0.992 1.44e-05
[2016-12-11 00:09:48]  8.78 8.22e-03 0.995 3.15e-02 0.992 1.35e-05
[2016-12-11 00:10:10]  8.88 1.82e-02 0.990 3.13e-02 0.992 1.28e-05
[2016-12-11 00:10:32]  8.98 1.42e-02 1.000 3.14e-02 0.992 1.20e-05
[2016-12-11 00:10:54]  9.07 7.23e-03 1.000 3.14e-02 0.992 1.13e-05
[2016-12-11 00:11:15]  9.17 1.64e-02 0.995 3.14e-02 0.992 1.07e-05
[2016-12-11 00:11:35]  9.27 7.72e-03 1.000 3.14e-02 0.992 1.00e-05
[2016-12-11 00:11:56]  9.37 7.91e-03 1.000 3.14e-02 0.992 9.45e-06
[2016-12-11 00:12:17]  9.46 1.52e-02 0.995 3.14e-02 0.992 8.90e-06
[2016-12-11 00:12:38]  9.56 1.18e-02 1.000 3.14e-02 0.991 8.38e-06
[2016-12-11 00:12:59]  9.66 1.70e-02 0.995 3.13e-02 0.992 7.89e-06
[2016-12-11 00:13:21]  9.76 7.17e-03 1.000 3.14e-02 0.992 7.43e-06
[2016-12-11 00:13:42]  9.85 1.45e-02 0.995 3.14e-02 0.992 7.00e-06
[2016-12-11 00:14:04]  9.95 2.68e-02 0.995 3.13e-02 0.992 6.59e-06
[2016-12-11 00:14:27] 10.05 1.79e-02 1.000 3.14e-02 0.992 6.21e-06
[2016-12-11 00:14:47] 10.15 6.01e-03 0.995 3.13e-02 0.991 5.85e-06
[2016-12-11 00:15:07] 10.24 1.52e-02 1.000 3.12e-02 0.992 5.51e-06
[2016-12-11 00:15:28] 10.34 5.71e-03 1.000 3.13e-02 0.992 5.18e-06
[2016-12-11 00:15:49] 10.44 3.31e-03 1.000 3.13e-02 0.992 4.88e-06
[2016-12-11 00:16:10] 10.54 6.20e-03 1.000 3.12e-02 0.992 4.60e-06
[2016-12-11 00:16:31] 10.63 4.83e-02 0.995 3.12e-02 0.992 4.33e-06
[2016-12-11 00:16:53] 10.73 1.76e-02 0.990 3.12e-02 0.992 4.08e-06
[2016-12-11 00:17:14] 10.83 8.24e-03 1.000 3.11e-02 0.992 3.84e-06
[2016-12-11 00:17:36] 10.93 9.19e-03 1.000 3.11e-02 0.992 3.62e-06
[2016-12-11 00:17:59] 11.02 1.01e-02 0.990 3.11e-02 0.992 3.41e-06
[2016-12-11 00:18:19] 11.12 1.16e-02 0.995 3.11e-02 0.992 3.21e-06
[2016-12-11 00:18:39] 11.22 2.72e-02 0.990 3.11e-02 0.992 3.02e-06
[2016-12-11 00:19:00] 11.32 1.20e-02 0.995 3.11e-02 0.992 2.85e-06
[2016-12-11 00:19:21] 11.41 1.10e-02 1.000 3.11e-02 0.992 2.68e-06
[2016-12-11 00:19:42] 11.51 2.15e-02 0.995 3.11e-02 0.992 2.52e-06
[2016-12-11 00:20:03] 11.61 2.81e-03 1.000 3.11e-02 0.992 2.38e-06
[2016-12-11 00:20:24] 11.71 8.11e-03 0.995 3.11e-02 0.992 2.24e-06
[2016-12-11 00:20:46] 11.80 3.09e-02 0.985 3.11e-02 0.992 2.11e-06
[2016-12-11 00:21:08] 11.90 1.83e-02 0.990 3.11e-02 0.992 1.98e-06
[2016-12-11 00:21:30] 12.00 1.96e-02 0.990 3.11e-02 0.992 1.87e-06
[2016-12-11 00:21:50] 12.10 2.36e-02 0.995 3.11e-02 0.992 1.76e-06
[2016-12-11 00:22:10] 12.20 1.65e-02 0.990 3.11e-02 0.992 1.66e-06
[2016-12-11 00:22:31] 12.29 1.56e-02 0.995 3.11e-02 0.992 1.56e-06
[2016-12-11 00:22:52] 12.39 1.51e-02 1.000 3.11e-02 0.992 1.47e-06
[2016-12-11 00:23:13] 12.49 1.72e-02 1.000 3.11e-02 0.992 1.38e-06
[2016-12-11 00:23:34] 12.59 1.04e-02 0.995 3.11e-02 0.992 1.30e-06
[2016-12-11 00:23:55] 12.68 2.01e-02 0.995 3.11e-02 0.992 1.23e-06
[2016-12-11 00:24:17] 12.78 7.98e-03 0.995 3.11e-02 0.992 1.16e-06
[2016-12-11 00:24:38] 12.88 1.69e-02 0.995 3.11e-02 0.992 1.09e-06
[2016-12-11 00:25:00] 12.98 1.29e-02 1.000 3.10e-02 0.992 1.03e-06
[2016-12-11 00:25:23] 13.07 6.91e-03 1.000 3.10e-02 0.992 9.66e-07
[2016-12-11 00:25:43] 13.17 1.62e-02 0.995 3.11e-02 0.992 9.10e-07
[2016-12-11 00:26:04] 13.27 7.23e-03 1.000 3.10e-02 0.992 8.57e-07
[2016-12-11 00:26:24] 13.37 7.64e-03 1.000 3.10e-02 0.992 8.07e-07
[2016-12-11 00:26:45] 13.46 1.46e-02 0.995 3.11e-02 0.992 7.60e-07
[2016-12-11 00:27:06] 13.56 1.13e-02 1.000 3.11e-02 0.992 7.16e-07
[2016-12-11 00:27:28] 13.66 1.50e-02 0.995 3.10e-02 0.992 6.74e-07
[2016-12-11 00:27:49] 13.76 7.04e-03 1.000 3.11e-02 0.992 6.35e-07
[2016-12-11 00:28:11] 13.85 1.41e-02 0.995 3.10e-02 0.992 5.98e-07
[2016-12-11 00:28:33] 13.95 2.61e-02 0.995 3.10e-02 0.992 5.63e-07
[2016-12-11 00:28:55] 14.05 1.70e-02 1.000 3.10e-02 0.992 5.30e-07
[2016-12-11 00:29:15] 14.15 6.02e-03 0.995 3.10e-02 0.992 4.99e-07
[2016-12-11 00:29:36] 14.24 1.46e-02 1.000 3.10e-02 0.992 4.70e-07
[2016-12-11 00:29:56] 14.34 5.93e-03 1.000 3.10e-02 0.992 4.43e-07
[2016-12-11 00:30:17] 14.44 3.18e-03 1.000 3.10e-02 0.992 4.17e-07
[2016-12-11 00:30:38] 14.54 6.13e-03 1.000 3.10e-02 0.992 3.93e-07
[2016-12-11 00:31:00] 14.63 4.80e-02 0.995 3.10e-02 0.992 3.70e-07
[2016-12-11 00:31:21] 14.73 1.71e-02 0.990 3.10e-02 0.992 3.48e-07
[2016-12-11 00:31:43] 14.83 8.38e-03 1.000 3.10e-02 0.992 3.28e-07
[2016-12-11 00:32:04] 14.93 9.41e-03 1.000 3.10e-02 0.992 3.09e-07
[2016-12-11 00:32:27] 15.02 1.01e-02 0.990 3.10e-02 0.992 2.91e-07
[2016-12-11 00:32:47] 15.12 1.12e-02 1.000 3.10e-02 0.992 2.74e-07
[2016-12-11 00:33:07] 15.22 2.72e-02 0.990 3.10e-02 0.992 2.58e-07
[2016-12-11 00:33:28] 15.32 1.20e-02 0.995 3.10e-02 0.992 2.43e-07
[2016-12-11 00:33:49] 15.41 1.13e-02 1.000 3.10e-02 0.992 2.29e-07
[2016-12-11 00:34:10] 15.51 2.08e-02 0.995 3.10e-02 0.992 2.16e-07
[2016-12-11 00:34:31] 15.61 2.74e-03 1.000 3.10e-02 0.992 2.03e-07
[2016-12-11 00:34:52] 15.71 8.06e-03 0.995 3.10e-02 0.992 1.91e-07
[2016-12-11 00:35:14] 15.80 3.04e-02 0.985 3.10e-02 0.992 1.80e-07
[2016-12-11 00:35:36] 15.90 1.81e-02 0.990 3.10e-02 0.992 1.70e-07
[2016-12-11 00:35:58] 16.00 1.92e-02 0.990 3.10e-02 0.992 1.60e-07
[2016-12-11 00:36:18] 16.10 2.35e-02 0.995 3.10e-02 0.992 1.50e-07
[2016-12-11 00:36:38] 16.20 1.66e-02 0.995 3.10e-02 0.992 1.42e-07
[2016-12-11 00:36:59] 16.29 1.55e-02 0.995 3.10e-02 0.992 1.33e-07
[2016-12-11 00:37:20] 16.39 1.50e-02 1.000 3.10e-02 0.992 1.26e-07
[2016-12-11 00:37:41] 16.49 1.71e-02 1.000 3.10e-02 0.992 1.18e-07
[2016-12-11 00:38:02] 16.59 1.05e-02 0.995 3.10e-02 0.992 1.11e-07
[2016-12-11 00:38:23] 16.68 2.00e-02 0.995 3.10e-02 0.992 1.05e-07
[2016-12-11 00:38:45] 16.78 7.95e-03 0.995 3.10e-02 0.992 9.88e-08
[2016-12-11 00:39:06] 16.88 1.69e-02 0.995 3.10e-02 0.992 9.30e-08
[2016-12-11 00:39:28] 16.98 1.27e-02 1.000 3.10e-02 0.992 8.76e-08
[2016-12-11 00:39:51] 17.07 6.88e-03 1.000 3.10e-02 0.992 8.25e-08
[2016-12-11 00:40:11] 17.17 1.63e-02 0.995 3.10e-02 0.992 7.77e-08
[2016-12-11 00:40:32] 17.27 7.12e-03 1.000 3.10e-02 0.992 7.32e-08
[2016-12-11 00:40:52] 17.37 7.56e-03 1.000 3.10e-02 0.992 6.89e-08
[2016-12-11 00:41:13] 17.46 1.46e-02 0.995 3.10e-02 0.992 6.49e-08
[2016-12-11 00:41:34] 17.56 1.14e-02 1.000 3.10e-02 0.992 6.11e-08
[2016-12-11 00:41:56] 17.66 1.49e-02 0.995 3.10e-02 0.992 5.76e-08
[2016-12-11 00:42:17] 17.76 7.07e-03 1.000 3.10e-02 0.992 5.42e-08
[2016-12-11 00:42:39] 17.85 1.41e-02 0.995 3.10e-02 0.992 5.10e-08
[2016-12-11 00:43:01] 17.95 2.61e-02 0.995 3.10e-02 0.992 4.81e-08
[2016-12-11 00:43:23] 18.05 1.70e-02 1.000 3.10e-02 0.992 4.53e-08
[2016-12-11 00:43:43] 18.15 6.04e-03 0.995 3.10e-02 0.992 4.26e-08
[2016-12-11 00:44:04] 18.24 1.46e-02 1.000 3.10e-02 0.992 4.02e-08
[2016-12-11 00:44:25] 18.34 5.90e-03 1.000 3.10e-02 0.992 3.78e-08
[2016-12-11 00:44:45] 18.44 3.17e-03 1.000 3.10e-02 0.992 3.56e-08
[2016-12-11 00:45:06] 18.54 6.16e-03 1.000 3.10e-02 0.992 3.35e-08
[2016-12-11 00:45:28] 18.63 4.80e-02 0.995 3.10e-02 0.992 3.16e-08
[2016-12-11 00:45:49] 18.73 1.71e-02 0.990 3.10e-02 0.992 2.97e-08
[2016-12-11 00:46:11] 18.83 8.35e-03 1.000 3.10e-02 0.992 2.80e-08
[2016-12-11 00:46:33] 18.93 9.44e-03 1.000 3.10e-02 0.992 2.64e-08
[2016-12-11 00:46:55] 19.02 1.00e-02 0.990 3.10e-02 0.992 2.48e-08
[2016-12-11 00:47:15] 19.12 1.12e-02 1.000 3.10e-02 0.992 2.34e-08
[2016-12-11 00:47:36] 19.22 2.71e-02 0.990 3.10e-02 0.992 2.20e-08
[2016-12-11 00:47:56] 19.32 1.19e-02 0.995 3.10e-02 0.992 2.08e-08
[2016-12-11 00:48:17] 19.41 1.14e-02 1.000 3.10e-02 0.992 1.95e-08
[2016-12-11 00:48:38] 19.51 2.07e-02 0.995 3.10e-02 0.992 1.84e-08
[2016-12-11 00:48:59] 19.61 2.73e-03 1.000 3.10e-02 0.992 1.73e-08
[2016-12-11 00:49:21] 19.71 8.06e-03 0.995 3.10e-02 0.992 1.63e-08
[2016-12-11 00:49:42] 19.80 3.03e-02 0.985 3.10e-02 0.992 1.54e-08
[2016-12-11 00:50:04] 19.90 1.81e-02 0.990 3.10e-02 0.992 1.45e-08
[2016-12-11 00:50:26] 20.00 1.92e-02 0.990 3.10e-02 0.992 1.36e-08
                                        [2016-12-11 00:50:26] train complete
test accuracy ---
overall accuracy = 0.991
two of three = 1.000
cho = 0.999
jung = 0.995
jong = 0.999
en = 0.998
train accuracy ---
overall accuracy = 0.997
two of three = 1.000
cho = 1.000
jung = 0.999
jong = 1.000
en = 0.999
ckpt saved to data/ckpt/161210_2IDR2.ckpt
